Jan 15, 2024 10:34:26 AM com.google.cloud.datastore.emulator.firestore.websocket.WebSocketServer start
INFO: Started WebSocket server on ws://127.0.0.1:9150
API endpoint: http://127.0.0.1:8080
If you are using a library that supports the FIRESTORE_EMULATOR_HOST environment variable, run:

   export FIRESTORE_EMULATOR_HOST=127.0.0.1:8080

Dev App Server is now running.

Jan 15, 2024 11:50:49 AM com.google.cloud.datastore.emulator.firestore.websocket.WebSocketChannelHandler initChannel
INFO: Connected to new websocket client
Jan 15, 2024 11:50:49 AM io.gapi.emulators.netty.HttpVersionRoutingHandler channelRead
INFO: Detected non-HTTP/2 connection.
Jan 15, 2024 11:50:49 AM io.gapi.emulators.netty.HttpVersionRoutingHandler channelRead
INFO: Detected HTTP/2 connection.
Jan 15, 2024 12:07:20 PM io.gapi.emulators.netty.HttpVersionRoutingHandler channelRead
INFO: Detected non-HTTP/2 connection.
Jan 15, 2024 12:22:06 PM io.gapi.emulators.netty.HttpVersionRoutingHandler channelRead
INFO: Detected non-HTTP/2 connection.
Jan 15, 2024 12:26:01 PM io.gapi.emulators.netty.HttpVersionRoutingHandler channelRead
INFO: Detected non-HTTP/2 connection.
Jan 16, 2024 7:04:36 PM io.gapi.emulators.netty.HttpVersionRoutingHandler channelRead
INFO: Detected non-HTTP/2 connection.
Jan 16, 2024 7:04:36 PM io.gapi.emulators.netty.HttpVersionRoutingHandler channelRead
INFO: Detected HTTP/2 connection.
Jan 16, 2024 8:10:40 PM com.google.cloud.datastore.emulator.firestore.websocket.WebSocketChannelHandler initChannel
INFO: Connected to new websocket client
Jan 16, 2024 8:10:42 PM com.google.cloud.datastore.emulator.firestore.websocket.WebSocketChannelHandler channelClosed
INFO: Websocket client disconnected
Jan 16, 2024 8:10:42 PM io.gapi.emulators.netty.HttpVersionRoutingHandler channelRead
INFO: Detected non-HTTP/2 connection.
Jan 16, 2024 8:10:42 PM io.gapi.emulators.netty.NotFoundHandler handleRequest
INFO: Unknown request URI: /graphql
Jan 16, 2024 8:10:42 PM io.gapi.emulators.netty.NotFoundHandler handleRequest
INFO: Unknown request URI: /favicon.ico
Jan 16, 2024 8:10:43 PM io.gapi.emulators.netty.NotFoundHandler handleRequest
INFO: Unknown request URI: /sw.js
Jan 16, 2024 8:10:48 PM io.gapi.emulators.netty.NotFoundHandler handleRequest
INFO: Unknown request URI: /sw.js
Jan 16, 2024 9:35:14 PM io.gapi.emulators.netty.HttpVersionRoutingHandler channelRead
INFO: Detected non-HTTP/2 connection.
Jan 16, 2024 9:35:15 PM io.gapi.emulators.netty.NotFoundHandler handleRequest
INFO: Unknown request URI: /sw.js
Jan 16, 2024 9:37:53 PM io.gapi.emulators.netty.HttpVersionRoutingHandler channelRead
INFO: Detected non-HTTP/2 connection.
Jan 16, 2024 9:37:53 PM io.gapi.emulators.netty.NotFoundHandler handleRequest
INFO: Unknown request URI: /admin
Jan 16, 2024 9:37:53 PM io.gapi.emulators.netty.NotFoundHandler handleRequest
INFO: Unknown request URI: /favicon.ico
Jan 16, 2024 9:37:54 PM io.gapi.emulators.netty.HttpVersionRoutingHandler channelRead
INFO: Detected non-HTTP/2 connection.
Jan 16, 2024 9:37:54 PM io.gapi.emulators.netty.NotFoundHandler handleRequest
INFO: Unknown request URI: /sw.js
Jan 16, 2024 9:43:47 PM io.gapi.emulators.netty.HttpVersionRoutingHandler channelRead
INFO: Detected non-HTTP/2 connection.
Jan 16, 2024 9:43:47 PM io.gapi.emulators.netty.NotFoundHandler handleRequest
INFO: Unknown request URI: /alter
Jan 16, 2024 9:43:48 PM io.gapi.emulators.netty.NotFoundHandler handleRequest
INFO: Unknown request URI: /sw.js
Jan 16, 2024 9:43:53 PM io.gapi.emulators.netty.NotFoundHandler handleRequest
INFO: Unknown request URI: /sw.js
Jan 16, 2024 10:14:07 PM io.gapi.emulators.netty.HttpVersionRoutingHandler channelRead
INFO: Detected non-HTTP/2 connection.
Jan 16, 2024 10:14:08 PM io.gapi.emulators.netty.NotFoundHandler handleRequest
INFO: Unknown request URI: /sw.js
Jan 16, 2024 10:25:19 PM io.gapi.emulators.netty.HttpVersionRoutingHandler channelRead
INFO: Detected non-HTTP/2 connection.
Jan 16, 2024 10:25:20 PM io.gapi.emulators.netty.NotFoundHandler handleRequest
INFO: Unknown request URI: /sw.js
Jan 16, 2024 10:25:24 PM io.gapi.emulators.netty.NotFoundHandler handleRequest
INFO: Unknown request URI: /admin
Jan 16, 2024 10:25:25 PM io.gapi.emulators.netty.NotFoundHandler handleRequest
INFO: Unknown request URI: /sw.js
Jan 16, 2024 10:25:29 PM io.gapi.emulators.netty.NotFoundHandler handleRequest
INFO: Unknown request URI: /sw.js
Jan 16, 2024 10:25:32 PM io.gapi.emulators.netty.HttpVersionRoutingHandler channelRead
INFO: Detected non-HTTP/2 connection.
Jan 16, 2024 10:27:58 PM io.gapi.emulators.netty.HttpVersionRoutingHandler channelRead
INFO: Detected non-HTTP/2 connection.
Jan 16, 2024 10:27:58 PM io.gapi.emulators.netty.NotFoundHandler handleRequest
INFO: Unknown request URI: /health
Jan 16, 2024 10:27:58 PM io.gapi.emulators.netty.NotFoundHandler handleRequest
INFO: Unknown request URI: /health
Jan 16, 2024 10:27:58 PM io.gapi.emulators.netty.HttpVersionRoutingHandler channelRead
INFO: Detected non-HTTP/2 connection.
Jan 16, 2024 10:27:58 PM io.gapi.emulators.netty.NotFoundHandler handleRequest
INFO: Unknown request URI: /health
Jan 16, 2024 10:27:58 PM io.gapi.emulators.netty.NotFoundHandler handleRequest
INFO: Unknown request URI: /health
Jan 16, 2024 10:27:58 PM io.gapi.emulators.netty.HttpVersionRoutingHandler channelRead
INFO: Detected non-HTTP/2 connection.
Jan 16, 2024 10:27:58 PM io.gapi.emulators.netty.NotFoundHandler handleRequest
INFO: Unknown request URI: /health
Jan 16, 2024 10:27:59 PM io.gapi.emulators.netty.HttpVersionRoutingHandler channelRead
INFO: Detected non-HTTP/2 connection.
Jan 16, 2024 10:27:59 PM io.gapi.emulators.netty.HttpVersionRoutingHandler channelRead
INFO: Detected non-HTTP/2 connection.
Jan 16, 2024 10:27:59 PM io.gapi.emulators.netty.HttpVersionRoutingHandler channelRead
INFO: Detected non-HTTP/2 connection.
Jan 16, 2024 10:27:59 PM io.gapi.emulators.netty.NotFoundHandler handleRequest
INFO: Unknown request URI: /health
Jan 16, 2024 10:27:59 PM io.gapi.emulators.netty.NotFoundHandler handleRequest
INFO: Unknown request URI: /health
Jan 16, 2024 10:27:59 PM io.gapi.emulators.netty.NotFoundHandler handleRequest
INFO: Unknown request URI: /health
Jan 16, 2024 10:27:59 PM io.gapi.emulators.netty.NotFoundHandler handleRequest
INFO: Unknown request URI: /health
Jan 16, 2024 10:27:59 PM io.gapi.emulators.netty.NotFoundHandler handleRequest
INFO: Unknown request URI: /health
Jan 16, 2024 10:27:59 PM io.gapi.emulators.netty.NotFoundHandler handleRequest
INFO: Unknown request URI: /query?timeout=20s
Jan 16, 2024 10:27:59 PM io.gapi.emulators.netty.NotFoundHandler handleRequest
INFO: Unknown request URI: /query?timeout=20s
Jan 16, 2024 10:28:02 PM io.gapi.emulators.netty.NotFoundHandler handleRequest
INFO: Unknown request URI: /health
Jan 16, 2024 10:28:02 PM io.gapi.emulators.netty.NotFoundHandler handleRequest
INFO: Unknown request URI: /health
Jan 16, 2024 10:28:02 PM io.gapi.emulators.netty.NotFoundHandler handleRequest
INFO: Unknown request URI: /query?timeout=20s
Jan 16, 2024 10:28:03 PM io.gapi.emulators.netty.NotFoundHandler handleRequest
INFO: Unknown request URI: /query?timeout=20s
Jan 16, 2024 10:28:03 PM io.gapi.emulators.netty.NotFoundHandler handleRequest
INFO: Unknown request URI: /ui/keywords
Jan 16, 2024 10:28:08 PM io.gapi.emulators.netty.NotFoundHandler handleRequest
INFO: Unknown request URI: /health
Jan 16, 2024 10:28:08 PM io.gapi.emulators.netty.NotFoundHandler handleRequest
INFO: Unknown request URI: /health
Jan 16, 2024 10:28:08 PM io.gapi.emulators.netty.NotFoundHandler handleRequest
INFO: Unknown request URI: /query?timeout=20s
Jan 16, 2024 10:28:11 PM io.gapi.emulators.netty.NotFoundHandler handleRequest
INFO: Unknown request URI: /health
Jan 16, 2024 10:28:11 PM io.gapi.emulators.netty.NotFoundHandler handleRequest
INFO: Unknown request URI: /query?timeout=20s
Jan 16, 2024 10:28:11 PM io.gapi.emulators.netty.NotFoundHandler handleRequest
INFO: Unknown request URI: /health
Jan 16, 2024 10:28:12 PM io.gapi.emulators.netty.NotFoundHandler handleRequest
INFO: Unknown request URI: /query?timeout=20s
Jan 16, 2024 10:28:12 PM io.gapi.emulators.netty.NotFoundHandler handleRequest
INFO: Unknown request URI: /ui/keywords
Jan 16, 2024 10:28:14 PM io.gapi.emulators.netty.NotFoundHandler handleRequest
INFO: Unknown request URI: /query?timeout=20s
Jan 16, 2024 10:28:15 PM io.gapi.emulators.netty.NotFoundHandler handleRequest
INFO: Unknown request URI: /query?timeout=20s
Jan 16, 2024 10:28:36 PM io.gapi.emulators.netty.NotFoundHandler handleRequest
INFO: Unknown request URI: /health
Jan 16, 2024 10:28:36 PM io.gapi.emulators.netty.NotFoundHandler handleRequest
INFO: Unknown request URI: /health
Jan 16, 2024 10:28:36 PM io.gapi.emulators.netty.NotFoundHandler handleRequest
INFO: Unknown request URI: /health
Jan 16, 2024 10:28:36 PM io.gapi.emulators.netty.NotFoundHandler handleRequest
INFO: Unknown request URI: /health
Jan 16, 2024 10:28:36 PM io.gapi.emulators.netty.NotFoundHandler handleRequest
INFO: Unknown request URI: /health
Jan 16, 2024 10:28:36 PM io.gapi.emulators.netty.NotFoundHandler handleRequest
INFO: Unknown request URI: /query?timeout=20s
Jan 16, 2024 10:28:36 PM io.gapi.emulators.netty.HttpVersionRoutingHandler channelRead
INFO: Detected non-HTTP/2 connection.
Jan 16, 2024 10:28:36 PM io.gapi.emulators.netty.NotFoundHandler handleRequest
INFO: Unknown request URI: /query?timeout=20s
Jan 16, 2024 10:28:37 PM io.gapi.emulators.netty.NotFoundHandler handleRequest
INFO: Unknown request URI: /health
Jan 16, 2024 10:28:37 PM io.gapi.emulators.netty.NotFoundHandler handleRequest
INFO: Unknown request URI: /query?timeout=20s
Jan 16, 2024 10:28:37 PM io.gapi.emulators.netty.NotFoundHandler handleRequest
INFO: Unknown request URI: /health
Jan 16, 2024 10:28:40 PM io.gapi.emulators.netty.NotFoundHandler handleRequest
INFO: Unknown request URI: /health
Jan 16, 2024 10:28:40 PM io.gapi.emulators.netty.NotFoundHandler handleRequest
INFO: Unknown request URI: /query?timeout=20s
Jan 16, 2024 10:28:40 PM io.gapi.emulators.netty.NotFoundHandler handleRequest
INFO: Unknown request URI: /health
Jan 16, 2024 10:28:41 PM io.gapi.emulators.netty.HttpVersionRoutingHandler channelRead
INFO: Detected non-HTTP/2 connection.
Jan 16, 2024 10:28:42 PM io.gapi.emulators.netty.NotFoundHandler handleRequest
INFO: Unknown request URI: /sw.js
Jan 16, 2024 10:28:43 PM io.gapi.emulators.netty.NotFoundHandler handleRequest
INFO: Unknown request URI: /health
Jan 16, 2024 10:28:43 PM io.gapi.emulators.netty.NotFoundHandler handleRequest
INFO: Unknown request URI: /query?timeout=20s
Jan 16, 2024 10:28:43 PM io.gapi.emulators.netty.NotFoundHandler handleRequest
INFO: Unknown request URI: /health
Jan 16, 2024 10:28:46 PM io.gapi.emulators.netty.NotFoundHandler handleRequest
INFO: Unknown request URI: /query?timeout=20s
Jan 16, 2024 10:28:46 PM io.gapi.emulators.netty.NotFoundHandler handleRequest
INFO: Unknown request URI: /ui/keywords
Jan 16, 2024 10:28:54 PM io.gapi.emulators.netty.NotFoundHandler handleRequest
INFO: Unknown request URI: /health
Jan 16, 2024 10:28:54 PM io.gapi.emulators.netty.NotFoundHandler handleRequest
INFO: Unknown request URI: /health
Jan 16, 2024 10:28:54 PM io.gapi.emulators.netty.NotFoundHandler handleRequest
INFO: Unknown request URI: /query?timeout=20s
Jan 16, 2024 10:28:57 PM io.gapi.emulators.netty.NotFoundHandler handleRequest
INFO: Unknown request URI: /health
Jan 16, 2024 10:28:57 PM io.gapi.emulators.netty.NotFoundHandler handleRequest
INFO: Unknown request URI: /health
Jan 16, 2024 10:28:57 PM io.gapi.emulators.netty.NotFoundHandler handleRequest
INFO: Unknown request URI: /query?timeout=20s
Jan 16, 2024 10:29:00 PM io.gapi.emulators.netty.NotFoundHandler handleRequest
INFO: Unknown request URI: /health
Jan 16, 2024 10:29:00 PM io.gapi.emulators.netty.NotFoundHandler handleRequest
INFO: Unknown request URI: /query?timeout=20s
Jan 16, 2024 10:29:00 PM io.gapi.emulators.netty.NotFoundHandler handleRequest
INFO: Unknown request URI: /health
Jan 16, 2024 10:29:01 PM io.gapi.emulators.netty.NotFoundHandler handleRequest
INFO: Unknown request URI: /health
Jan 16, 2024 10:29:01 PM io.gapi.emulators.netty.NotFoundHandler handleRequest
INFO: Unknown request URI: /health
Jan 16, 2024 10:29:01 PM io.gapi.emulators.netty.NotFoundHandler handleRequest
INFO: Unknown request URI: /query?timeout=20s
Jan 16, 2024 10:29:03 PM io.gapi.emulators.netty.NotFoundHandler handleRequest
INFO: Unknown request URI: /health
Jan 16, 2024 10:29:03 PM io.gapi.emulators.netty.NotFoundHandler handleRequest
INFO: Unknown request URI: /health
Jan 16, 2024 10:29:03 PM io.gapi.emulators.netty.NotFoundHandler handleRequest
INFO: Unknown request URI: /query?timeout=20s
Jan 16, 2024 10:29:06 PM io.gapi.emulators.netty.NotFoundHandler handleRequest
INFO: Unknown request URI: /health
Jan 16, 2024 10:29:06 PM io.gapi.emulators.netty.NotFoundHandler handleRequest
INFO: Unknown request URI: /query?timeout=20s
Jan 16, 2024 10:29:06 PM io.gapi.emulators.netty.NotFoundHandler handleRequest
INFO: Unknown request URI: /health
Jan 16, 2024 10:29:09 PM io.gapi.emulators.netty.NotFoundHandler handleRequest
INFO: Unknown request URI: /health
Jan 16, 2024 10:29:09 PM io.gapi.emulators.netty.NotFoundHandler handleRequest
INFO: Unknown request URI: /health
Jan 16, 2024 10:29:09 PM io.gapi.emulators.netty.NotFoundHandler handleRequest
INFO: Unknown request URI: /query?timeout=20s
Jan 16, 2024 10:29:11 PM io.gapi.emulators.netty.NotFoundHandler handleRequest
INFO: Unknown request URI: /query?timeout=20s
Jan 16, 2024 10:29:11 PM io.gapi.emulators.netty.NotFoundHandler handleRequest
INFO: Unknown request URI: /ui/keywords
Jan 17, 2024 10:35:09 PM com.google.cloud.datastore.emulator.firestore.websocket.WebSocketChannelHandler channelClosed
INFO: Websocket client disconnected
Jan 17, 2024 10:35:09 PM com.google.cloud.datastore.emulator.firestore.websocket.WebSocketChannelHandler initChannel
INFO: Connected to new websocket client
Jan 17, 2024 10:35:09 PM com.google.cloud.datastore.emulator.firestore.websocket.WebSocketChannelHandler channelClosed
INFO: Websocket client disconnected
Jan 18, 2024 9:11:20 PM com.google.cloud.datastore.emulator.firestore.websocket.WebSocketChannelHandler initChannel
INFO: Connected to new websocket client
Jan 18, 2024 9:11:20 PM io.gapi.emulators.netty.HttpVersionRoutingHandler channelRead
INFO: Detected non-HTTP/2 connection.
Jan 18, 2024 9:11:20 PM io.gapi.emulators.netty.HttpVersionRoutingHandler channelRead
INFO: Detected HTTP/2 connection.
Jan 19, 2024 4:50:51 PM com.google.cloud.datastore.emulator.firestore.websocket.WebSocketChannelHandler initChannel
INFO: Connected to new websocket client
Jan 19, 2024 4:50:51 PM io.gapi.emulators.netty.HttpVersionRoutingHandler channelRead
INFO: Detected non-HTTP/2 connection.
Jan 19, 2024 4:50:51 PM io.gapi.emulators.netty.HttpVersionRoutingHandler channelRead
INFO: Detected HTTP/2 connection.
Jan 19, 2024 4:50:57 PM io.gapi.emulators.netty.HttpVersionRoutingHandler channelRead
INFO: Detected non-HTTP/2 connection.
Jan 19, 2024 4:50:57 PM io.gapi.emulators.netty.HttpVersionRoutingHandler channelRead
INFO: Detected non-HTTP/2 connection.
Jan 19, 2024 4:50:57 PM io.gapi.emulators.netty.HttpVersionRoutingHandler channelRead
INFO: Detected non-HTTP/2 connection.
Jan 19, 2024 4:50:58 PM io.gapi.emulators.netty.HttpVersionRoutingHandler channelRead
INFO: Detected non-HTTP/2 connection.
Jan 19, 2024 4:50:58 PM io.gapi.emulators.netty.HttpVersionRoutingHandler channelRead
INFO: Detected non-HTTP/2 connection.
Jan 19, 2024 4:50:58 PM io.gapi.emulators.netty.HttpVersionRoutingHandler channelRead
INFO: Detected non-HTTP/2 connection.
Jan 19, 2024 4:51:58 PM io.gapi.emulators.netty.HttpVersionRoutingHandler channelRead
INFO: Detected non-HTTP/2 connection.
Jan 19, 2024 4:51:58 PM io.gapi.emulators.netty.HttpVersionRoutingHandler channelRead
INFO: Detected non-HTTP/2 connection.
Jan 19, 2024 4:51:58 PM com.google.cloud.datastore.emulator.firestore.webchannel.FirestoreV1WebChannelAdapter$FirestoreWriteHandler onClose
INFO: channel closed
Jan 19, 2024 4:52:15 PM io.gapi.emulators.netty.HttpVersionRoutingHandler channelRead
INFO: Detected non-HTTP/2 connection.
Jan 19, 2024 4:53:15 PM io.gapi.emulators.netty.HttpVersionRoutingHandler channelRead
INFO: Detected non-HTTP/2 connection.
Jan 19, 2024 4:54:15 PM io.gapi.emulators.netty.HttpVersionRoutingHandler channelRead
INFO: Detected non-HTTP/2 connection.
Jan 19, 2024 4:55:15 PM io.gapi.emulators.netty.HttpVersionRoutingHandler channelRead
INFO: Detected non-HTTP/2 connection.
Jan 19, 2024 4:56:15 PM io.gapi.emulators.netty.HttpVersionRoutingHandler channelRead
INFO: Detected non-HTTP/2 connection.
Jan 19, 2024 4:57:15 PM io.gapi.emulators.netty.HttpVersionRoutingHandler channelRead
INFO: Detected non-HTTP/2 connection.
Jan 19, 2024 4:58:15 PM io.gapi.emulators.netty.HttpVersionRoutingHandler channelRead
INFO: Detected non-HTTP/2 connection.
Jan 19, 2024 4:59:16 PM io.gapi.emulators.netty.HttpVersionRoutingHandler channelRead
INFO: Detected non-HTTP/2 connection.
Jan 19, 2024 5:00:16 PM io.gapi.emulators.netty.HttpVersionRoutingHandler channelRead
INFO: Detected non-HTTP/2 connection.
Jan 19, 2024 5:00:56 PM io.gapi.emulators.netty.HttpVersionRoutingHandler channelRead
INFO: Detected non-HTTP/2 connection.
Jan 19, 2024 5:00:56 PM io.gapi.emulators.netty.HttpVersionRoutingHandler channelRead
INFO: Detected non-HTTP/2 connection.
Jan 19, 2024 5:00:56 PM io.gapi.emulators.netty.HttpVersionRoutingHandler channelRead
INFO: Detected non-HTTP/2 connection.
Jan 19, 2024 5:01:00 PM com.google.cloud.datastore.emulator.firestore.websocket.WebSocketChannelHandler channelClosed
INFO: Websocket client disconnected
Jan 19, 2024 5:01:00 PM io.gapi.emulators.netty.HttpVersionRoutingHandler channelRead
INFO: Detected non-HTTP/2 connection.
Jan 22, 2024 10:08:18 PM com.google.cloud.datastore.emulator.firestore.websocket.WebSocketChannelHandler channelClosed
INFO: Websocket client disconnected
Jan 22, 2024 10:08:18 PM com.google.cloud.datastore.emulator.firestore.websocket.WebSocketChannelHandler initChannel
INFO: Connected to new websocket client
Jan 22, 2024 10:08:19 PM io.netty.channel.DefaultChannelPipeline onUnhandledInboundException
WARNING: An exceptionCaught() event was fired, and it reached at the tail of the pipeline. It usually means the last handler in the pipeline did not handle the exception.
java.net.SocketException: Connection reset
	at java.base/sun.nio.ch.SocketChannelImpl.throwConnectionReset(SocketChannelImpl.java:401)
	at java.base/sun.nio.ch.SocketChannelImpl.read(SocketChannelImpl.java:434)
	at io.netty.buffer.PooledByteBuf.setBytes(PooledByteBuf.java:256)
	at io.netty.buffer.AbstractByteBuf.writeBytes(AbstractByteBuf.java:1132)
	at io.netty.channel.socket.nio.NioSocketChannel.doReadBytes(NioSocketChannel.java:357)
	at io.netty.channel.nio.AbstractNioByteChannel$NioByteUnsafe.read(AbstractNioByteChannel.java:151)
	at io.netty.channel.nio.NioEventLoop.processSelectedKey(NioEventLoop.java:788)
	at io.netty.channel.nio.NioEventLoop.processSelectedKeysOptimized(NioEventLoop.java:724)
	at io.netty.channel.nio.NioEventLoop.processSelectedKeys(NioEventLoop.java:650)
	at io.netty.channel.nio.NioEventLoop.run(NioEventLoop.java:562)
	at io.netty.util.concurrent.SingleThreadEventExecutor$4.run(SingleThreadEventExecutor.java:997)
	at io.netty.util.internal.ThreadExecutorMap$2.run(ThreadExecutorMap.java:74)
	at io.netty.util.concurrent.FastThreadLocalRunnable.run(FastThreadLocalRunnable.java:30)
	at java.base/java.lang.Thread.run(Thread.java:1589)

Jan 22, 2024 10:08:19 PM com.google.cloud.datastore.emulator.firestore.websocket.WebSocketChannelHandler channelClosed
INFO: Websocket client disconnected
Jan 22, 2024 10:39:41 PM io.gapi.emulators.netty.HttpVersionRoutingHandler channelRead
INFO: Detected non-HTTP/2 connection.
Jan 22, 2024 10:39:42 PM io.gapi.emulators.netty.HttpVersionRoutingHandler channelRead
INFO: Detected HTTP/2 connection.
*** shutting down gRPC server since JVM is shutting down
*** server shut down
